2022/07/18 05:12:34 [notice] 1#1: using the "epoll" event method
2022/07/18 05:12:34 [notice] 1#1: nginx/1.23.0
2022/07/18 05:12:34 [notice] 1#1: built by gcc 10.2.1 20210110 (Debian 10.2.1-6) 
2022/07/18 05:12:34 [notice] 1#1: OS: Linux 5.10.104-linuxkit
2022/07/18 05:12:34 [notice] 1#1: getrlimit(RLIMIT_NOFILE): 1048576:1048576
2022/07/18 05:12:34 [notice] 1#1: start worker processes
2022/07/18 05:12:34 [notice] 1#1: start worker process 30
2022/07/18 05:12:34 [notice] 1#1: start worker process 31
2022/07/18 05:12:34 [notice] 1#1: start worker process 32
2022/07/18 05:12:34 [notice] 1#1: start worker process 33
2022/07/18 05:12:34 [notice] 1#1: start worker process 34
2022/07/18 05:12:34 [notice] 1#1: start worker process 35
2022/07/18 05:12:56 [error] 30#30: *1 directory index of "/var/www/html/" is forbidden, client: 172.28.0.1, server: _, request: "GET / HTTP/1.1", host: "localhost"
2022/07/18 05:12:56 [error] 30#30: *1 open() "/var/www/html/favicon.ico" failed (2: No such file or directory), client: 172.28.0.1, server: _, request: "GET /favicon.ico HTTP/1.1", host: "localhost", referrer: "http://localhost/"
2022/07/18 05:16:19 [notice] 1#1: signal 3 (SIGQUIT) received, shutting down
2022/07/18 05:16:19 [notice] 30#30: gracefully shutting down
2022/07/18 05:16:19 [notice] 31#31: gracefully shutting down
2022/07/18 05:16:19 [notice] 31#31: exiting
2022/07/18 05:16:19 [notice] 32#32: gracefully shutting down
2022/07/18 05:16:19 [notice] 32#32: exiting
2022/07/18 05:16:19 [notice] 33#33: gracefully shutting down
2022/07/18 05:16:19 [notice] 33#33: exiting
2022/07/18 05:16:19 [notice] 34#34: gracefully shutting down
2022/07/18 05:16:19 [notice] 34#34: exiting
2022/07/18 05:16:19 [notice] 35#35: gracefully shutting down
2022/07/18 05:16:19 [notice] 30#30: exiting
2022/07/18 05:16:19 [notice] 31#31: exit
2022/07/18 05:16:19 [notice] 32#32: exit
2022/07/18 05:16:19 [notice] 33#33: exit
2022/07/18 05:16:19 [notice] 34#34: exit
2022/07/18 05:16:19 [notice] 35#35: exiting
2022/07/18 05:16:19 [notice] 30#30: exit
2022/07/18 05:16:19 [notice] 35#35: exit
2022/07/18 05:16:19 [notice] 1#1: signal 17 (SIGCHLD) received from 31
2022/07/18 05:16:19 [notice] 1#1: worker process 31 exited with code 0
2022/07/18 05:16:19 [notice] 1#1: worker process 32 exited with code 0
2022/07/18 05:16:19 [notice] 1#1: worker process 33 exited with code 0
2022/07/18 05:16:19 [notice] 1#1: signal 29 (SIGIO) received
2022/07/18 05:16:19 [notice] 1#1: signal 17 (SIGCHLD) received from 32
2022/07/18 05:16:19 [notice] 1#1: worker process 34 exited with code 0
2022/07/18 05:16:19 [notice] 1#1: signal 29 (SIGIO) received
2022/07/18 05:16:19 [notice] 1#1: signal 17 (SIGCHLD) received from 34
2022/07/18 05:16:19 [notice] 1#1: signal 17 (SIGCHLD) received from 35
2022/07/18 05:16:19 [notice] 1#1: worker process 35 exited with code 0
2022/07/18 05:16:19 [notice] 1#1: signal 29 (SIGIO) received
2022/07/18 05:16:19 [notice] 1#1: signal 17 (SIGCHLD) received from 30
2022/07/18 05:16:19 [notice] 1#1: worker process 30 exited with code 0
2022/07/18 05:16:19 [notice] 1#1: exit
2022/07/18 05:23:09 [notice] 1#1: using the "epoll" event method
2022/07/18 05:23:09 [notice] 1#1: nginx/1.23.0
2022/07/18 05:23:09 [notice] 1#1: built by gcc 10.2.1 20210110 (Debian 10.2.1-6) 
2022/07/18 05:23:09 [notice] 1#1: OS: Linux 5.10.104-linuxkit
2022/07/18 05:23:09 [notice] 1#1: getrlimit(RLIMIT_NOFILE): 1048576:1048576
2022/07/18 05:23:09 [notice] 1#1: start worker processes
2022/07/18 05:23:09 [notice] 1#1: start worker process 30
2022/07/18 05:23:09 [notice] 1#1: start worker process 31
2022/07/18 05:23:09 [notice] 1#1: start worker process 32
2022/07/18 05:23:09 [notice] 1#1: start worker process 33
2022/07/18 05:23:09 [notice] 1#1: start worker process 34
2022/07/18 05:23:09 [notice] 1#1: start worker process 35
2022/07/18 05:23:14 [error] 31#31: *2 "/var/www/html/index.html" is not found (20: Not a directory), client: 172.29.0.1, server: _, request: "GET / HTTP/1.1", host: "localhost"
2022/07/18 05:23:38 [error] 31#31: *2 "/var/www/html/index.html" is not found (20: Not a directory), client: 172.29.0.1, server: _, request: "GET / HTTP/1.1", host: "localhost"
2022/07/18 05:23:39 [error] 31#31: *2 "/var/www/html/index.html" is not found (20: Not a directory), client: 172.29.0.1, server: _, request: "GET / HTTP/1.1", host: "localhost"
2022/07/18 05:23:50 [error] 31#31: *2 "/var/www/html/index.html" is not found (20: Not a directory), client: 172.29.0.1, server: _, request: "GET / HTTP/1.1", host: "localhost"
2022/07/18 05:24:44 [notice] 1#1: signal 3 (SIGQUIT) received, shutting down
2022/07/18 05:24:44 [notice] 30#30: gracefully shutting down
2022/07/18 05:24:44 [notice] 30#30: exiting
2022/07/18 05:24:44 [notice] 32#32: gracefully shutting down
2022/07/18 05:24:44 [notice] 35#35: gracefully shutting down
2022/07/18 05:24:44 [notice] 33#33: gracefully shutting down
2022/07/18 05:24:44 [notice] 34#34: gracefully shutting down
2022/07/18 05:24:44 [notice] 31#31: gracefully shutting down
2022/07/18 05:24:44 [notice] 30#30: exit
2022/07/18 05:24:44 [notice] 32#32: exiting
2022/07/18 05:24:44 [notice] 35#35: exiting
2022/07/18 05:24:44 [notice] 33#33: exiting
2022/07/18 05:24:44 [notice] 34#34: exiting
2022/07/18 05:24:44 [notice] 31#31: exiting
2022/07/18 05:24:44 [notice] 32#32: exit
2022/07/18 05:24:44 [notice] 35#35: exit
2022/07/18 05:24:44 [notice] 33#33: exit
2022/07/18 05:24:44 [notice] 34#34: exit
2022/07/18 05:24:44 [notice] 31#31: exit
2022/07/18 05:24:44 [notice] 1#1: signal 17 (SIGCHLD) received from 30
2022/07/18 05:24:44 [notice] 1#1: worker process 30 exited with code 0
2022/07/18 05:24:44 [notice] 1#1: worker process 35 exited with code 0
2022/07/18 05:24:44 [notice] 1#1: signal 29 (SIGIO) received
2022/07/18 05:24:44 [notice] 1#1: signal 17 (SIGCHLD) received from 32
2022/07/18 05:24:44 [notice] 1#1: worker process 32 exited with code 0
2022/07/18 05:24:44 [notice] 1#1: signal 29 (SIGIO) received
2022/07/18 05:24:44 [notice] 1#1: signal 17 (SIGCHLD) received from 31
2022/07/18 05:24:44 [notice] 1#1: worker process 31 exited with code 0
2022/07/18 05:24:44 [notice] 1#1: signal 29 (SIGIO) received
2022/07/18 05:24:44 [notice] 1#1: signal 17 (SIGCHLD) received from 34
2022/07/18 05:24:44 [notice] 1#1: worker process 34 exited with code 0
2022/07/18 05:24:44 [notice] 1#1: signal 29 (SIGIO) received
2022/07/18 05:24:44 [notice] 1#1: signal 17 (SIGCHLD) received from 33
2022/07/18 05:24:44 [notice] 1#1: worker process 33 exited with code 0
2022/07/18 05:24:44 [notice] 1#1: exit
2022/07/18 05:24:48 [notice] 1#1: using the "epoll" event method
2022/07/18 05:24:48 [notice] 1#1: nginx/1.23.0
2022/07/18 05:24:48 [notice] 1#1: built by gcc 10.2.1 20210110 (Debian 10.2.1-6) 
2022/07/18 05:24:48 [notice] 1#1: OS: Linux 5.10.104-linuxkit
2022/07/18 05:24:48 [notice] 1#1: getrlimit(RLIMIT_NOFILE): 1048576:1048576
2022/07/18 05:24:48 [notice] 1#1: start worker processes
2022/07/18 05:24:48 [notice] 1#1: start worker process 30
2022/07/18 05:24:48 [notice] 1#1: start worker process 31
2022/07/18 05:24:48 [notice] 1#1: start worker process 32
2022/07/18 05:24:48 [notice] 1#1: start worker process 33
2022/07/18 05:24:48 [notice] 1#1: start worker process 34
2022/07/18 05:24:48 [notice] 1#1: start worker process 35
2022/07/18 05:24:51 [error] 30#30: *1 "/var/www/html/index.html" is not found (20: Not a directory), client: 172.30.0.1, server: _, request: "GET / HTTP/1.1", host: "localhost"
2022/07/18 05:24:52 [error] 30#30: *1 "/var/www/html/index.html" is not found (20: Not a directory), client: 172.30.0.1, server: _, request: "GET / HTTP/1.1", host: "localhost"
2022/07/18 05:24:53 [error] 30#30: *1 "/var/www/html/index.html" is not found (20: Not a directory), client: 172.30.0.1, server: _, request: "GET / HTTP/1.1", host: "localhost"
2022/07/18 05:24:53 [error] 30#30: *1 "/var/www/html/index.html" is not found (20: Not a directory), client: 172.30.0.1, server: _, request: "GET / HTTP/1.1", host: "localhost"
2022/07/18 05:24:53 [error] 30#30: *1 "/var/www/html/index.html" is not found (20: Not a directory), client: 172.30.0.1, server: _, request: "GET / HTTP/1.1", host: "localhost"
2022/07/18 05:31:06 [error] 33#33: *4 "/var/www/html/index.html" is not found (20: Not a directory), client: 172.30.0.1, server: _, request: "GET / HTTP/1.1", host: "localhost"
2022/07/18 05:31:12 [error] 33#33: *4 "/var/www/html/index.html" is not found (20: Not a directory), client: 172.30.0.1, server: _, request: "GET / HTTP/1.1", host: "localhost"
2022/07/18 05:31:14 [error] 33#33: *4 "/var/www/html/index.html" is not found (20: Not a directory), client: 172.30.0.1, server: _, request: "GET / HTTP/1.1", host: "localhost"
2022/07/18 05:34:21 [notice] 1#1: signal 3 (SIGQUIT) received, shutting down
2022/07/18 05:34:21 [notice] 30#30: gracefully shutting down
2022/07/18 05:34:21 [notice] 30#30: exiting
2022/07/18 05:34:21 [notice] 31#31: gracefully shutting down
2022/07/18 05:34:21 [notice] 33#33: gracefully shutting down
2022/07/18 05:34:21 [notice] 32#32: gracefully shutting down
2022/07/18 05:34:21 [notice] 32#32: exiting
2022/07/18 05:34:21 [notice] 34#34: gracefully shutting down
2022/07/18 05:34:21 [notice] 35#35: gracefully shutting down
2022/07/18 05:34:21 [notice] 30#30: exit
2022/07/18 05:34:21 [notice] 31#31: exiting
2022/07/18 05:34:21 [notice] 31#31: exit
2022/07/18 05:34:21 [notice] 33#33: exiting
2022/07/18 05:34:21 [notice] 32#32: exit
2022/07/18 05:34:21 [notice] 34#34: exiting
2022/07/18 05:34:21 [notice] 35#35: exiting
2022/07/18 05:34:21 [notice] 33#33: exit
2022/07/18 05:34:21 [notice] 34#34: exit
2022/07/18 05:34:21 [notice] 35#35: exit
2022/07/18 05:34:21 [notice] 1#1: signal 17 (SIGCHLD) received from 32
2022/07/18 05:34:21 [notice] 1#1: worker process 32 exited with code 0
2022/07/18 05:34:21 [notice] 1#1: signal 29 (SIGIO) received
2022/07/18 05:34:21 [notice] 1#1: signal 17 (SIGCHLD) received from 31
2022/07/18 05:34:21 [notice] 1#1: worker process 31 exited with code 0
2022/07/18 05:34:21 [notice] 1#1: worker process 30 exited with code 0
2022/07/18 05:34:21 [notice] 1#1: signal 17 (SIGCHLD) received from 30
2022/07/18 05:34:21 [notice] 1#1: worker process 35 exited with code 0
2022/07/18 05:34:21 [notice] 1#1: signal 17 (SIGCHLD) received from 35
2022/07/18 05:34:21 [notice] 1#1: signal 29 (SIGIO) received
2022/07/18 05:34:21 [notice] 1#1: signal 17 (SIGCHLD) received from 33
2022/07/18 05:34:21 [notice] 1#1: worker process 33 exited with code 0
2022/07/18 05:34:21 [notice] 1#1: signal 29 (SIGIO) received
2022/07/18 05:34:21 [notice] 1#1: signal 17 (SIGCHLD) received from 34
2022/07/18 05:34:21 [notice] 1#1: worker process 34 exited with code 0
2022/07/18 05:34:21 [notice] 1#1: exit
2022/07/18 05:34:24 [notice] 1#1: using the "epoll" event method
2022/07/18 05:34:24 [notice] 1#1: nginx/1.23.0
2022/07/18 05:34:24 [notice] 1#1: built by gcc 10.2.1 20210110 (Debian 10.2.1-6) 
2022/07/18 05:34:24 [notice] 1#1: OS: Linux 5.10.104-linuxkit
2022/07/18 05:34:24 [notice] 1#1: getrlimit(RLIMIT_NOFILE): 1048576:1048576
2022/07/18 05:34:24 [notice] 1#1: start worker processes
2022/07/18 05:34:24 [notice] 1#1: start worker process 30
2022/07/18 05:34:24 [notice] 1#1: start worker process 31
2022/07/18 05:34:24 [notice] 1#1: start worker process 32
2022/07/18 05:34:24 [notice] 1#1: start worker process 33
2022/07/18 05:34:24 [notice] 1#1: start worker process 34
2022/07/18 05:34:24 [notice] 1#1: start worker process 35
2022/07/18 05:34:32 [error] 30#30: *2 "/var/www/html/index.html" is not found (20: Not a directory), client: 172.31.0.1, server: _, request: "GET / HTTP/1.1", host: "localhost"
2022/07/18 05:34:33 [error] 30#30: *2 "/var/www/html/index.html" is not found (20: Not a directory), client: 172.31.0.1, server: _, request: "GET / HTTP/1.1", host: "localhost"
2022/07/18 05:34:33 [error] 30#30: *2 "/var/www/html/index.html" is not found (20: Not a directory), client: 172.31.0.1, server: _, request: "GET / HTTP/1.1", host: "localhost"
2022/07/18 05:34:33 [error] 30#30: *2 "/var/www/html/index.html" is not found (20: Not a directory), client: 172.31.0.1, server: _, request: "GET / HTTP/1.1", host: "localhost"
2022/07/18 05:34:34 [error] 30#30: *2 "/var/www/html/index.html" is not found (20: Not a directory), client: 172.31.0.1, server: _, request: "GET / HTTP/1.1", host: "localhost"
2022/07/18 05:34:34 [error] 30#30: *2 "/var/www/html/index.html" is not found (20: Not a directory), client: 172.31.0.1, server: _, request: "GET / HTTP/1.1", host: "localhost"
2022/07/18 05:34:34 [error] 30#30: *2 "/var/www/html/index.html" is not found (20: Not a directory), client: 172.31.0.1, server: _, request: "GET / HTTP/1.1", host: "localhost"
2022/07/18 05:34:34 [error] 30#30: *2 "/var/www/html/index.html" is not found (20: Not a directory), client: 172.31.0.1, server: _, request: "GET / HTTP/1.1", host: "localhost"
2022/07/18 05:34:34 [error] 30#30: *2 "/var/www/html/index.html" is not found (20: Not a directory), client: 172.31.0.1, server: _, request: "GET / HTTP/1.1", host: "localhost"
2022/07/18 05:35:17 [notice] 1#1: signal 3 (SIGQUIT) received, shutting down
2022/07/18 05:35:17 [notice] 30#30: gracefully shutting down
2022/07/18 05:35:17 [notice] 31#31: gracefully shutting down
2022/07/18 05:35:17 [notice] 32#32: gracefully shutting down
2022/07/18 05:35:17 [notice] 33#33: gracefully shutting down
2022/07/18 05:35:17 [notice] 33#33: exiting
2022/07/18 05:35:17 [notice] 34#34: gracefully shutting down
2022/07/18 05:35:17 [notice] 34#34: exiting
2022/07/18 05:35:17 [notice] 35#35: gracefully shutting down
2022/07/18 05:35:17 [notice] 31#31: exiting
2022/07/18 05:35:17 [notice] 32#32: exiting
2022/07/18 05:35:17 [notice] 32#32: exit
2022/07/18 05:35:17 [notice] 33#33: exit
2022/07/18 05:35:17 [notice] 34#34: exit
2022/07/18 05:35:17 [notice] 35#35: exiting
2022/07/18 05:35:17 [notice] 31#31: exit
2022/07/18 05:35:17 [notice] 35#35: exit
2022/07/18 05:35:17 [notice] 1#1: signal 17 (SIGCHLD) received from 32
2022/07/18 05:35:17 [notice] 1#1: worker process 32 exited with code 0
2022/07/18 05:35:17 [notice] 1#1: signal 29 (SIGIO) received
2022/07/18 05:35:17 [notice] 1#1: signal 17 (SIGCHLD) received from 33
2022/07/18 05:35:17 [notice] 1#1: worker process 33 exited with code 0
2022/07/18 05:35:17 [notice] 1#1: signal 29 (SIGIO) received
2022/07/18 05:35:17 [notice] 1#1: signal 17 (SIGCHLD) received from 34
2022/07/18 05:35:17 [notice] 1#1: worker process 31 exited with code 0
2022/07/18 05:35:17 [notice] 1#1: worker process 34 exited with code 0
2022/07/18 05:35:17 [notice] 1#1: worker process 35 exited with code 0
2022/07/18 05:35:17 [notice] 1#1: signal 29 (SIGIO) received
2022/07/18 06:39:46 [notice] 1#1: using the "epoll" event method
2022/07/18 06:39:46 [notice] 1#1: nginx/1.23.0
2022/07/18 06:39:46 [notice] 1#1: built by gcc 10.2.1 20210110 (Debian 10.2.1-6) 
2022/07/18 06:39:46 [notice] 1#1: OS: Linux 5.10.104-linuxkit
2022/07/18 06:39:46 [notice] 1#1: getrlimit(RLIMIT_NOFILE): 1048576:1048576
2022/07/18 06:39:46 [notice] 1#1: start worker processes
2022/07/18 06:39:46 [notice] 1#1: start worker process 30
2022/07/18 06:39:46 [notice] 1#1: start worker process 31
2022/07/18 06:39:46 [notice] 1#1: start worker process 32
2022/07/18 06:39:46 [notice] 1#1: start worker process 33
2022/07/18 06:39:46 [notice] 1#1: start worker process 34
2022/07/18 06:39:46 [notice] 1#1: start worker process 35
2022/07/18 06:41:13 [notice] 1#1: signal 3 (SIGQUIT) received, shutting down
2022/07/18 06:41:13 [notice] 31#31: gracefully shutting down
2022/07/18 06:41:13 [notice] 31#31: exiting
2022/07/18 06:41:13 [notice] 32#32: gracefully shutting down
2022/07/18 06:41:13 [notice] 32#32: exiting
2022/07/18 06:41:13 [notice] 30#30: gracefully shutting down
2022/07/18 06:41:13 [notice] 33#33: gracefully shutting down
2022/07/18 06:41:13 [notice] 35#35: gracefully shutting down
2022/07/18 06:41:13 [notice] 34#34: gracefully shutting down
2022/07/18 06:41:13 [notice] 31#31: exit
2022/07/18 06:41:13 [notice] 32#32: exit
2022/07/18 06:41:13 [notice] 30#30: exiting
2022/07/18 06:41:13 [notice] 33#33: exiting
2022/07/18 06:41:13 [notice] 35#35: exiting
2022/07/18 06:41:13 [notice] 34#34: exiting
2022/07/18 06:41:13 [notice] 30#30: exit
2022/07/18 06:41:13 [notice] 33#33: exit
2022/07/18 06:41:13 [notice] 35#35: exit
2022/07/18 06:41:13 [notice] 34#34: exit
2022/07/18 06:41:13 [notice] 1#1: signal 17 (SIGCHLD) received from 31
2022/07/18 06:41:13 [notice] 1#1: worker process 31 exited with code 0
2022/07/18 06:41:13 [notice] 1#1: signal 29 (SIGIO) received
2022/07/18 06:41:13 [notice] 1#1: signal 17 (SIGCHLD) received from 30
2022/07/18 06:41:13 [notice] 1#1: worker process 30 exited with code 0
2022/07/18 06:41:13 [notice] 1#1: worker process 32 exited with code 0
2022/07/18 06:41:13 [notice] 1#1: signal 29 (SIGIO) received
2022/07/18 06:41:13 [notice] 1#1: signal 17 (SIGCHLD) received from 32
2022/07/18 06:41:13 [notice] 1#1: worker process 35 exited with code 0
2022/07/18 06:41:13 [notice] 1#1: signal 29 (SIGIO) received
2022/07/18 06:41:13 [notice] 1#1: signal 17 (SIGCHLD) received from 35
2022/07/18 06:41:13 [notice] 1#1: signal 17 (SIGCHLD) received from 33
2022/07/18 06:41:13 [notice] 1#1: worker process 33 exited with code 0
2022/07/18 06:41:13 [notice] 1#1: worker process 34 exited with code 0
2022/07/18 06:41:13 [notice] 1#1: exit
2022/07/18 06:41:16 [notice] 1#1: using the "epoll" event method
2022/07/18 06:41:16 [notice] 1#1: nginx/1.23.0
2022/07/18 06:41:16 [notice] 1#1: built by gcc 10.2.1 20210110 (Debian 10.2.1-6) 
2022/07/18 06:41:16 [notice] 1#1: OS: Linux 5.10.104-linuxkit
2022/07/18 06:41:16 [notice] 1#1: getrlimit(RLIMIT_NOFILE): 1048576:1048576
2022/07/18 06:41:16 [notice] 1#1: start worker processes
2022/07/18 06:41:16 [notice] 1#1: start worker process 30
2022/07/18 06:41:16 [notice] 1#1: start worker process 31
2022/07/18 06:41:16 [notice] 1#1: start worker process 32
2022/07/18 06:41:16 [notice] 1#1: start worker process 33
2022/07/18 06:41:16 [notice] 1#1: start worker process 34
2022/07/18 06:41:16 [notice] 1#1: start worker process 35
